{
  "RSpec": {
    "coverage": {
      "/Users/student/Projects/bookmark-manager/spec/bookmarks_spec.rb": {
        "lines": [
          1,
          null,
          1,
          1,
          1,
          1,
          null,
          null
        ]
      },
      "/Users/student/Projects/bookmark-manager/spec/features/test_infrastructure_spec.rb": {
        "lines": [
          null,
          null,
          1,
          1,
          1,
          1,
          null,
          null
        ]
      },
      "/Users/student/Projects/bookmark-manager/spec/features/view_bookmarks_spec.rb": {
        "lines": [
          1,
          1,
          1,
          1,
          null,
          null
        ]
      }
    },
    "timestamp": 1598367919
  }
}
